<?xml version="1.0" encoding="UTF-8"?>
<!-- Generated by org.testng.reporters.JUnitReportReporter -->
<testsuite hostname="auhumanpc" name="testOption.textRunner" tests="1" failures="0" timestamp="10 Feb 2020 10:12:25 GMT" time="0.144" errors="0">
  <testcase name="feature" time="0.144" classname="testOption.textRunner"/>
</testsuite> <!-- testOption.textRunner -->
